2026-03-28T08:21:34.056-07:00  INFO 14640 --- [transactionorderservice] [restartedMain] c.t.t.TransactionorderserviceApplication : Starting TransactionorderserviceApplication using Java 21.0.2 with PID 14640 (C:\Users\vinum\Documents\GitProjects\transactionorderservice\build\classes\java\main started by vinum in C:\Users\vinum\Documents\GitProjects\transactionorderservice)
2026-03-28T08:21:34.073-07:00 DEBUG 14640 --- [transactionorderservice] [restartedMain] c.t.t.TransactionorderserviceApplication : Running with Spring Boot v4.0.3, Spring v7.0.5
2026-03-28T08:21:34.073-07:00  INFO 14640 --- [transactionorderservice] [restartedMain] c.t.t.TransactionorderserviceApplication : The following 1 profile is active: "uat"
2026-03-28T08:21:34.158-07:00  INFO 14640 --- [transactionorderservice] [restartedMain] o.s.c.c.c.ConfigServerConfigDataLoader   : Fetching config from server at : http://localhost:9090
2026-03-28T08:21:34.158-07:00  INFO 14640 --- [transactionorderservice] [restartedMain] o.s.c.c.c.ConfigServerConfigDataLoader   : Located environment: name=transactionorderservice, profiles=[default], label=null, version=77e4b735cab09024a1d611e1b53968d353c70b05, state=
2026-03-28T08:21:34.160-07:00  INFO 14640 --- [transactionorderservice] [restartedMain] o.s.c.c.c.ConfigServerConfigDataLoader   : Fetching config from server at : http://localhost:9090
2026-03-28T08:21:34.161-07:00  INFO 14640 --- [transactionorderservice] [restartedMain] o.s.c.c.c.ConfigServerConfigDataLoader   : Located environment: name=transactionorderservice, profiles=[uat], label=null, version=77e4b735cab09024a1d611e1b53968d353c70b05, state=
2026-03-28T08:21:34.165-07:00  INFO 14640 --- [transactionorderservice] [restartedMain] .e.DevToolsPropertyDefaultsPostProcessor : Devtools property defaults active! Set 'spring.devtools.add-properties' to 'false' to disable
2026-03-28T08:21:34.166-07:00  INFO 14640 --- [transactionorderservice] [restartedMain] .e.DevToolsPropertyDefaultsPostProcessor : For additional web related logging consider setting the 'logging.level.web' property to 'DEBUG'
2026-03-28T08:21:35.637-07:00  INFO 14640 --- [transactionorderservice] [restartedMain] .s.d.r.c.RepositoryConfigurationDelegate : Bootstrapping Spring Data MongoDB repositories in DEFAULT mode.
2026-03-28T08:21:35.710-07:00  INFO 14640 --- [transactionorderservice] [restartedMain] .s.d.r.c.RepositoryConfigurationDelegate : Finished Spring Data repository scanning in 62 ms. Found 1 MongoDB repository interface.
2026-03-28T08:21:35.996-07:00  INFO 14640 --- [transactionorderservice] [restartedMain] o.s.cloud.context.scope.GenericScope     : BeanFactory id=6168dc8f-61b9-3198-a7b9-656b3c36a1c6
2026-03-28T08:21:36.616-07:00  INFO 14640 --- [transactionorderservice] [restartedMain] o.s.boot.tomcat.TomcatWebServer          : Tomcat initialized with port 8080 (http)
2026-03-28T08:21:36.638-07:00  INFO 14640 --- [transactionorderservice] [restartedMain] o.apache.catalina.core.StandardService   : Starting service [Tomcat]
2026-03-28T08:21:36.638-07:00  INFO 14640 --- [transactionorderservice] [restartedMain] o.apache.catalina.core.StandardEngine    : Starting Servlet engine: [Apache Tomcat/11.0.18]
2026-03-28T08:21:36.715-07:00  INFO 14640 --- [transactionorderservice] [restartedMain] b.w.c.s.WebApplicationContextInitializer : Root WebApplicationContext: initialization completed in 2549 ms
2026-03-28T08:21:37.316-07:00  INFO 14640 --- [transactionorderservice] [restartedMain] org.mongodb.driver.client                : MongoClient with metadata {"driver": {"name": "mongo-java-driver|spring-boot|sync", "version": "5.6.3"}, "os": {"type": "Windows", "name": "Windows 11", "architecture": "amd64", "version": "10.0"}, "platform": "Java/Oracle Corporation/21.0.2+13-58"} created with settings MongoClientSettings{readPreference=primary, writeConcern=WriteConcern{w=null, wTimeout=null ms, journal=null}, retryWrites=true, retryReads=true, readConcern=ReadConcern{level=null}, credential=null, transportSettings=null, commandListeners=[io.micrometer.core.instrument.binder.mongodb.MongoMetricsCommandListener@3f780914], codecRegistry=ProvidersCodecRegistry{codecProviders=[ValueCodecProvider{}, BsonValueCodecProvider{}, DBRefCodecProvider{}, DBObjectCodecProvider{}, DocumentCodecProvider{}, CollectionCodecProvider{}, IterableCodecProvider{}, MapCodecProvider{}, GeoJsonCodecProvider{}, GridFSFileCodecProvider{}, Jsr310CodecProvider{}, JsonObjectCodecProvider{}, BsonCodecProvider{}, com.mongodb.client.model.mql.ExpressionCodecProvider@2d7e207c, com.mongodb.Jep395RecordCodecProvider@6adf3ea9, com.mongodb.KotlinCodecProvider@709f0e02, EnumCodecProvider{}]}, loggerSettings=LoggerSettings{maxDocumentLength=1000}, clusterSettings={hosts=[localhost:27017], srvServiceName=mongodb, mode=SINGLE, requiredClusterType=UNKNOWN, requiredReplicaSetName='null', serverSelector='null', clusterListeners='[]', serverSelectionTimeout='30000 ms', localThreshold='15 ms'}, socketSettings=SocketSettings{connectTimeoutMS=10000, readTimeoutMS=0, receiveBufferSize=0, proxySettings=ProxySettings{host=null, port=null, username=null, password=null}}, heartbeatSocketSettings=SocketSettings{connectTimeoutMS=10000, readTimeoutMS=10000, receiveBufferSize=0, proxySettings=ProxySettings{host=null, port=null, username=null, password=null}}, connectionPoolSettings=ConnectionPoolSettings{maxSize=100, minSize=0, maxWaitTimeMS=120000, maxConnectionLifeTimeMS=0, maxConnectionIdleTimeMS=0, maintenanceInitialDelayMS=0, maintenanceFrequencyMS=60000, connectionPoolListeners=[io.micrometer.core.instrument.binder.mongodb.MongoMetricsConnectionPoolListener@f5099ac], maxConnecting=2}, serverSettings=ServerSettings{heartbeatFrequencyMS=10000, minHeartbeatFrequencyMS=500, serverMonitoringMode=AUTO, serverListeners='[]', serverMonitorListeners='[]'}, sslSettings=SslSettings{enabled=false, invalidHostNameAllowed=false, context=null}, applicationName='null', compressorList=[], uuidRepresentation=UNSPECIFIED, serverApi=null, autoEncryptionSettings=null, dnsClient=null, inetAddressResolver=null, contextProvider=null, timeoutMS=null}
2026-03-28T08:21:37.351-07:00  INFO 14640 --- [transactionorderservice] [cluster-ClusterId{value='69c7f2013a83b8a401664ed3', description='null'}-localhost:27017] org.mongodb.driver.cluster               : Monitor thread successfully connected to server with description ServerDescription{address=localhost:27017, type=STANDALONE, cryptd=false, state=CONNECTED, ok=true, minWireVersion=0, maxWireVersion=27, maxDocumentSize=16777216, logicalSessionTimeoutMinutes=30, roundTripTimeNanos=52653600, minRoundTripTimeNanos=0}
2026-03-28T08:21:38.879-07:00  INFO 14640 --- [transactionorderservice] [restartedMain] o.s.b.a.e.web.EndpointLinksResolver      : Exposing 15 endpoints beneath base path '/actuator'
2026-03-28T08:21:38.971-07:00  INFO 14640 --- [transactionorderservice] [restartedMain] o.s.boot.tomcat.TomcatWebServer          : Tomcat started on port 8080 (http) with context path '/'
2026-03-28T08:21:38.990-07:00  INFO 14640 --- [transactionorderservice] [restartedMain] c.t.t.TransactionorderserviceApplication : Started TransactionorderserviceApplication in 8.92 seconds (process running for 10.478)
2026-03-28T08:21:39.076-07:00  WARN 14640 --- [transactionorderservice] [restartedMain] o.s.core.events.SpringDocAppInitializer  : SpringDoc /v3/api-docs endpoint is enabled by default. To disable it in production, set the property 'springdoc.api-docs.enabled=false'
2026-03-28T08:21:39.076-07:00  WARN 14640 --- [transactionorderservice] [restartedMain] o.s.core.events.SpringDocAppInitializer  : SpringDoc /swagger-ui.html endpoint is enabled by default. To disable it in production, set the property 'springdoc.swagger-ui.enabled=false'
2026-03-28T08:21:45.499-07:00  INFO 14640 --- [transactionorderservice] [http-nio-8080-exec-1] o.a.c.c.C.[Tomcat].[localhost].[/]       : Initializing Spring DispatcherServlet 'dispatcherServlet'
2026-03-28T08:21:45.500-07:00  INFO 14640 --- [transactionorderservice] [http-nio-8080-exec-1] o.s.web.servlet.DispatcherServlet        : Initializing Servlet 'dispatcherServlet'
2026-03-28T08:21:45.504-07:00  INFO 14640 --- [transactionorderservice] [http-nio-8080-exec-1] o.s.web.servlet.DispatcherServlet        : Completed initialization in 4 ms
2026-03-28T08:21:46.432-07:00  INFO 14640 --- [transactionorderservice] [http-nio-8080-exec-9] o.springdoc.api.AbstractOpenApiResource  : Init duration for springdoc-openapi is: 463 ms
2026-03-28T08:22:07.890-07:00  INFO 14640 --- [transactionorderservice] [http-nio-8080-exec-2] c.t.t.controller.ZelleTokenController    : Throwing error for saveTokenDetailstest test
2026-03-28T08:22:07.890-07:00  INFO 14640 --- [transactionorderservice] [http-nio-8080-exec-2] c.t.t.service.ZelleTokenServiceImpl      :  logging test test
2026-03-28T09:09:14.820-07:00  INFO 14640 --- [transactionorderservice] [SpringApplicationShutdownHook] o.s.boot.tomcat.GracefulShutdown         : Commencing graceful shutdown. Waiting for active requests to complete
2026-03-28T09:09:14.838-07:00  INFO 14640 --- [transactionorderservice] [tomcat-shutdown] o.s.boot.tomcat.GracefulShutdown         : Graceful shutdown complete
2026-03-28T12:16:46.448-07:00  INFO 23704 --- [transactionorderservice] [restartedMain] c.t.t.TransactionorderserviceApplication : Starting TransactionorderserviceApplication using Java 21.0.2 with PID 23704 (C:\Users\vinum\Documents\GitProjects\transactionorderservice\build\classes\java\main started by vinum in C:\Users\vinum\Documents\GitProjects\transactionorderservice)
2026-03-28T12:16:46.452-07:00 DEBUG 23704 --- [transactionorderservice] [restartedMain] c.t.t.TransactionorderserviceApplication : Running with Spring Boot v4.0.3, Spring v7.0.5
2026-03-28T12:16:46.454-07:00  INFO 23704 --- [transactionorderservice] [restartedMain] c.t.t.TransactionorderserviceApplication : The following 1 profile is active: "sit"
2026-03-28T12:16:46.584-07:00  INFO 23704 --- [transactionorderservice] [restartedMain] o.s.c.c.c.ConfigServerConfigDataLoader   : Fetching config from server at : http://localhost:9090
2026-03-28T12:16:46.585-07:00  INFO 23704 --- [transactionorderservice] [restartedMain] o.s.c.c.c.ConfigServerConfigDataLoader   : Located environment: name=transactionorderservice, profiles=[default], label=null, version=77e4b735cab09024a1d611e1b53968d353c70b05, state=
2026-03-28T12:16:46.589-07:00  INFO 23704 --- [transactionorderservice] [restartedMain] o.s.c.c.c.ConfigServerConfigDataLoader   : Fetching config from server at : http://localhost:9090
2026-03-28T12:16:46.589-07:00  INFO 23704 --- [transactionorderservice] [restartedMain] o.s.c.c.c.ConfigServerConfigDataLoader   : Located environment: name=transactionorderservice, profiles=[sit], label=null, version=77e4b735cab09024a1d611e1b53968d353c70b05, state=
2026-03-28T12:16:46.593-07:00  INFO 23704 --- [transactionorderservice] [restartedMain] .e.DevToolsPropertyDefaultsPostProcessor : Devtools property defaults active! Set 'spring.devtools.add-properties' to 'false' to disable
2026-03-28T12:16:46.594-07:00  INFO 23704 --- [transactionorderservice] [restartedMain] .e.DevToolsPropertyDefaultsPostProcessor : For additional web related logging consider setting the 'logging.level.web' property to 'DEBUG'
2026-03-28T12:16:48.801-07:00  INFO 23704 --- [transactionorderservice] [restartedMain] .s.d.r.c.RepositoryConfigurationDelegate : Bootstrapping Spring Data MongoDB repositories in DEFAULT mode.
2026-03-28T12:16:48.920-07:00  INFO 23704 --- [transactionorderservice] [restartedMain] .s.d.r.c.RepositoryConfigurationDelegate : Finished Spring Data repository scanning in 104 ms. Found 1 MongoDB repository interface.
2026-03-28T12:16:49.393-07:00  INFO 23704 --- [transactionorderservice] [restartedMain] o.s.cloud.context.scope.GenericScope     : BeanFactory id=6168dc8f-61b9-3198-a7b9-656b3c36a1c6
2026-03-28T12:16:50.392-07:00  INFO 23704 --- [transactionorderservice] [restartedMain] o.s.boot.tomcat.TomcatWebServer          : Tomcat initialized with port 8080 (http)
2026-03-28T12:16:50.420-07:00  INFO 23704 --- [transactionorderservice] [restartedMain] o.apache.catalina.core.StandardService   : Starting service [Tomcat]
2026-03-28T12:16:50.421-07:00  INFO 23704 --- [transactionorderservice] [restartedMain] o.apache.catalina.core.StandardEngine    : Starting Servlet engine: [Apache Tomcat/11.0.18]
2026-03-28T12:16:50.552-07:00  INFO 23704 --- [transactionorderservice] [restartedMain] b.w.c.s.WebApplicationContextInitializer : Root WebApplicationContext: initialization completed in 3956 ms
2026-03-28T12:16:51.469-07:00  INFO 23704 --- [transactionorderservice] [restartedMain] org.mongodb.driver.client                : MongoClient with metadata {"driver": {"name": "mongo-java-driver|spring-boot|sync", "version": "5.6.3"}, "os": {"type": "Windows", "name": "Windows 11", "architecture": "amd64", "version": "10.0"}, "platform": "Java/Oracle Corporation/21.0.2+13-58"} created with settings MongoClientSettings{readPreference=primary, writeConcern=WriteConcern{w=null, wTimeout=null ms, journal=null}, retryWrites=true, retryReads=true, readConcern=ReadConcern{level=null}, credential=null, transportSettings=null, commandListeners=[io.micrometer.core.instrument.binder.mongodb.MongoMetricsCommandListener@394b6464], codecRegistry=ProvidersCodecRegistry{codecProviders=[ValueCodecProvider{}, BsonValueCodecProvider{}, DBRefCodecProvider{}, DBObjectCodecProvider{}, DocumentCodecProvider{}, CollectionCodecProvider{}, IterableCodecProvider{}, MapCodecProvider{}, GeoJsonCodecProvider{}, GridFSFileCodecProvider{}, Jsr310CodecProvider{}, JsonObjectCodecProvider{}, BsonCodecProvider{}, com.mongodb.client.model.mql.ExpressionCodecProvider@39bd7c9d, com.mongodb.Jep395RecordCodecProvider@52ec7dab, com.mongodb.KotlinCodecProvider@37d67691, EnumCodecProvider{}]}, loggerSettings=LoggerSettings{maxDocumentLength=1000}, clusterSettings={hosts=[localhost:27017], srvServiceName=mongodb, mode=SINGLE, requiredClusterType=UNKNOWN, requiredReplicaSetName='null', serverSelector='null', clusterListeners='[]', serverSelectionTimeout='30000 ms', localThreshold='15 ms'}, socketSettings=SocketSettings{connectTimeoutMS=10000, readTimeoutMS=0, receiveBufferSize=0, proxySettings=ProxySettings{host=null, port=null, username=null, password=null}}, heartbeatSocketSettings=SocketSettings{connectTimeoutMS=10000, readTimeoutMS=10000, receiveBufferSize=0, proxySettings=ProxySettings{host=null, port=null, username=null, password=null}}, connectionPoolSettings=ConnectionPoolSettings{maxSize=100, minSize=0, maxWaitTimeMS=120000, maxConnectionLifeTimeMS=0, maxConnectionIdleTimeMS=0, maintenanceInitialDelayMS=0, maintenanceFrequencyMS=60000, connectionPoolListeners=[io.micrometer.core.instrument.binder.mongodb.MongoMetricsConnectionPoolListener@55dc4c4b], maxConnecting=2}, serverSettings=ServerSettings{heartbeatFrequencyMS=10000, minHeartbeatFrequencyMS=500, serverMonitoringMode=AUTO, serverListeners='[]', serverMonitorListeners='[]'}, sslSettings=SslSettings{enabled=false, invalidHostNameAllowed=false, context=null}, applicationName='null', compressorList=[], uuidRepresentation=UNSPECIFIED, serverApi=null, autoEncryptionSettings=null, dnsClient=null, inetAddressResolver=null, contextProvider=null, timeoutMS=null}
2026-03-28T12:16:51.511-07:00  INFO 23704 --- [transactionorderservice] [cluster-ClusterId{value='69c82923792fc61de2c07a80', description='null'}-localhost:27017] org.mongodb.driver.cluster               : Monitor thread successfully connected to server with description ServerDescription{address=localhost:27017, type=STANDALONE, cryptd=false, state=CONNECTED, ok=true, minWireVersion=0, maxWireVersion=27, maxDocumentSize=16777216, logicalSessionTimeoutMinutes=30, roundTripTimeNanos=49544100, minRoundTripTimeNanos=0}
2026-03-28T12:16:53.463-07:00  INFO 23704 --- [transactionorderservice] [restartedMain] o.s.b.a.e.web.EndpointLinksResolver      : Exposing 15 endpoints beneath base path '/actuator'
2026-03-28T12:16:53.719-07:00  INFO 23704 --- [transactionorderservice] [restartedMain] o.s.boot.tomcat.TomcatWebServer          : Tomcat started on port 8080 (http) with context path '/'
2026-03-28T12:16:53.838-07:00  INFO 23704 --- [transactionorderservice] [restartedMain] c.t.t.TransactionorderserviceApplication : Started TransactionorderserviceApplication in 12.471 seconds (process running for 14.123)
2026-03-28T12:16:54.042-07:00  WARN 23704 --- [transactionorderservice] [restartedMain] o.s.core.events.SpringDocAppInitializer  : SpringDoc /v3/api-docs endpoint is enabled by default. To disable it in production, set the property 'springdoc.api-docs.enabled=false'
2026-03-28T12:16:54.043-07:00  WARN 23704 --- [transactionorderservice] [restartedMain] o.s.core.events.SpringDocAppInitializer  : SpringDoc /swagger-ui.html endpoint is enabled by default. To disable it in production, set the property 'springdoc.swagger-ui.enabled=false'
2026-03-28T12:17:11.506-07:00  INFO 23704 --- [transactionorderservice] [http-nio-8080-exec-1] o.a.c.c.C.[Tomcat].[localhost].[/]       : Initializing Spring DispatcherServlet 'dispatcherServlet'
2026-03-28T12:17:11.507-07:00  INFO 23704 --- [transactionorderservice] [http-nio-8080-exec-1] o.s.web.servlet.DispatcherServlet        : Initializing Servlet 'dispatcherServlet'
2026-03-28T12:17:11.512-07:00  INFO 23704 --- [transactionorderservice] [http-nio-8080-exec-1] o.s.web.servlet.DispatcherServlet        : Completed initialization in 4 ms
2026-03-28T12:17:12.137-07:00  INFO 23704 --- [transactionorderservice] [http-nio-8080-exec-4] o.springdoc.api.AbstractOpenApiResource  : Init duration for springdoc-openapi is: 349 ms
2026-03-28T12:17:33.452-07:00  INFO 23704 --- [transactionorderservice] [http-nio-8080-exec-7] c.t.t.controller.ZelleTokenController    : Throwing error for saveTokenDetailsanothertoken1 anothertoken1
2026-03-28T12:17:33.452-07:00  INFO 23704 --- [transactionorderservice] [http-nio-8080-exec-7] c.t.t.service.ZelleTokenServiceImpl      :  logging anothertoken1 anothertoken1
2026-03-28T12:17:39.298-07:00  INFO 23704 --- [transactionorderservice] [http-nio-8080-exec-8] c.t.t.controller.ZelleTokenController    : Inside the ZelleTokenController.getAllTokens
2026-03-28T12:17:39.299-07:00  INFO 23704 --- [transactionorderservice] [http-nio-8080-exec-8] c.t.t.service.ZelleTokenServiceImpl      : Inside ZelleTokenServiceImpl.findAll
2026-03-28T12:17:39.380-07:00  INFO 23704 --- [transactionorderservice] [http-nio-8080-exec-8] c.t.t.controller.ZelleTokenController    : Count of tokens 2
2026-03-28T12:22:52.506-07:00  INFO 23704 --- [transactionorderservice] [File Watcher] rtingClassPathChangeChangedEventListener : Restarting due to 3 class path changes (0 additions, 3 deletions, 0 modifications)
2026-03-28T12:22:52.516-07:00  INFO 23704 --- [transactionorderservice] [Thread-1] o.s.boot.tomcat.GracefulShutdown         : Commencing graceful shutdown. Waiting for active requests to complete
2026-03-28T12:22:52.525-07:00  INFO 23704 --- [transactionorderservice] [tomcat-shutdown] o.s.boot.tomcat.GracefulShutdown         : Graceful shutdown complete
2026-03-28T14:12:54.380-07:00  INFO 22036 --- [transactionorderservice] [restartedMain] c.t.t.TransactionorderserviceApplication : Starting TransactionorderserviceApplication using Java 21.0.2 with PID 22036 (C:\Users\vinum\Documents\GitProjects\transactionorderservice\build\classes\java\main started by vinum in C:\Users\vinum\Documents\GitProjects\transactionorderservice)
2026-03-28T14:12:54.390-07:00 DEBUG 22036 --- [transactionorderservice] [restartedMain] c.t.t.TransactionorderserviceApplication : Running with Spring Boot v4.0.3, Spring v7.0.5
2026-03-28T14:12:54.391-07:00  INFO 22036 --- [transactionorderservice] [restartedMain] c.t.t.TransactionorderserviceApplication : The following 1 profile is active: "sit"
2026-03-28T14:12:54.521-07:00  INFO 22036 --- [transactionorderservice] [restartedMain] o.s.c.c.c.ConfigServerConfigDataLoader   : Fetching config from server at : http://localhost:9090
2026-03-28T14:12:54.522-07:00  INFO 22036 --- [transactionorderservice] [restartedMain] o.s.c.c.c.ConfigServerConfigDataLoader   : Located environment: name=transactionorderservice, profiles=[default], label=null, version=77e4b735cab09024a1d611e1b53968d353c70b05, state=
2026-03-28T14:12:54.523-07:00  INFO 22036 --- [transactionorderservice] [restartedMain] o.s.c.c.c.ConfigServerConfigDataLoader   : Fetching config from server at : http://localhost:9090
2026-03-28T14:12:54.525-07:00  INFO 22036 --- [transactionorderservice] [restartedMain] o.s.c.c.c.ConfigServerConfigDataLoader   : Located environment: name=transactionorderservice, profiles=[sit], label=null, version=77e4b735cab09024a1d611e1b53968d353c70b05, state=
2026-03-28T14:12:54.531-07:00  INFO 22036 --- [transactionorderservice] [restartedMain] .e.DevToolsPropertyDefaultsPostProcessor : Devtools property defaults active! Set 'spring.devtools.add-properties' to 'false' to disable
2026-03-28T14:12:54.533-07:00  INFO 22036 --- [transactionorderservice] [restartedMain] .e.DevToolsPropertyDefaultsPostProcessor : For additional web related logging consider setting the 'logging.level.web' property to 'DEBUG'
2026-03-28T14:12:56.797-07:00  INFO 22036 --- [transactionorderservice] [restartedMain] .s.d.r.c.RepositoryConfigurationDelegate : Bootstrapping Spring Data MongoDB repositories in DEFAULT mode.
2026-03-28T14:12:56.951-07:00  INFO 22036 --- [transactionorderservice] [restartedMain] .s.d.r.c.RepositoryConfigurationDelegate : Finished Spring Data repository scanning in 137 ms. Found 1 MongoDB repository interface.
2026-03-28T14:12:57.485-07:00  INFO 22036 --- [transactionorderservice] [restartedMain] o.s.cloud.context.scope.GenericScope     : BeanFactory id=6168dc8f-61b9-3198-a7b9-656b3c36a1c6
2026-03-28T14:12:58.786-07:00  INFO 22036 --- [transactionorderservice] [restartedMain] o.s.boot.tomcat.TomcatWebServer          : Tomcat initialized with port 8080 (http)
2026-03-28T14:12:58.829-07:00  INFO 22036 --- [transactionorderservice] [restartedMain] o.apache.catalina.core.StandardService   : Starting service [Tomcat]
2026-03-28T14:12:58.832-07:00  INFO 22036 --- [transactionorderservice] [restartedMain] o.apache.catalina.core.StandardEngine    : Starting Servlet engine: [Apache Tomcat/11.0.18]
2026-03-28T14:12:59.121-07:00  INFO 22036 --- [transactionorderservice] [restartedMain] b.w.c.s.WebApplicationContextInitializer : Root WebApplicationContext: initialization completed in 4586 ms
2026-03-28T14:13:00.961-07:00  INFO 22036 --- [transactionorderservice] [restartedMain] org.mongodb.driver.client                : MongoClient with metadata {"driver": {"name": "mongo-java-driver|spring-boot|sync", "version": "5.6.3"}, "os": {"type": "Windows", "name": "Windows 11", "architecture": "amd64", "version": "10.0"}, "platform": "Java/Oracle Corporation/21.0.2+13-58"} created with settings MongoClientSettings{readPreference=primary, writeConcern=WriteConcern{w=null, wTimeout=null ms, journal=null}, retryWrites=true, retryReads=true, readConcern=ReadConcern{level=null}, credential=null, transportSettings=null, commandListeners=[io.micrometer.core.instrument.binder.mongodb.MongoMetricsCommandListener@28977b92], codecRegistry=ProvidersCodecRegistry{codecProviders=[ValueCodecProvider{}, BsonValueCodecProvider{}, DBRefCodecProvider{}, DBObjectCodecProvider{}, DocumentCodecProvider{}, CollectionCodecProvider{}, IterableCodecProvider{}, MapCodecProvider{}, GeoJsonCodecProvider{}, GridFSFileCodecProvider{}, Jsr310CodecProvider{}, JsonObjectCodecProvider{}, BsonCodecProvider{}, com.mongodb.client.model.mql.ExpressionCodecProvider@64023003, com.mongodb.Jep395RecordCodecProvider@5ab9a854, com.mongodb.KotlinCodecProvider@52bfb917, EnumCodecProvider{}]}, loggerSettings=LoggerSettings{maxDocumentLength=1000}, clusterSettings={hosts=[localhost:27017], srvServiceName=mongodb, mode=SINGLE, requiredClusterType=UNKNOWN, requiredReplicaSetName='null', serverSelector='null', clusterListeners='[]', serverSelectionTimeout='30000 ms', localThreshold='15 ms'}, socketSettings=SocketSettings{connectTimeoutMS=10000, readTimeoutMS=0, receiveBufferSize=0, proxySettings=ProxySettings{host=null, port=null, username=null, password=null}}, heartbeatSocketSettings=SocketSettings{connectTimeoutMS=10000, readTimeoutMS=10000, receiveBufferSize=0, proxySettings=ProxySettings{host=null, port=null, username=null, password=null}}, connectionPoolSettings=ConnectionPoolSettings{maxSize=100, minSize=0, maxWaitTimeMS=120000, maxConnectionLifeTimeMS=0, maxConnectionIdleTimeMS=0, maintenanceInitialDelayMS=0, maintenanceFrequencyMS=60000, connectionPoolListeners=[io.micrometer.core.instrument.binder.mongodb.MongoMetricsConnectionPoolListener@41e71339], maxConnecting=2}, serverSettings=ServerSettings{heartbeatFrequencyMS=10000, minHeartbeatFrequencyMS=500, serverMonitoringMode=AUTO, serverListeners='[]', serverMonitorListeners='[]'}, sslSettings=SslSettings{enabled=false, invalidHostNameAllowed=false, context=null}, applicationName='null', compressorList=[], uuidRepresentation=UNSPECIFIED, serverApi=null, autoEncryptionSettings=null, dnsClient=null, inetAddressResolver=null, contextProvider=null, timeoutMS=null}
2026-03-28T14:13:00.982-07:00  INFO 22036 --- [transactionorderservice] [cluster-ClusterId{value='69c8445cb70d6bbdb50e995c', description='null'}-localhost:27017] org.mongodb.driver.cluster               : Monitor thread successfully connected to server with description ServerDescription{address=localhost:27017, type=STANDALONE, cryptd=false, state=CONNECTED, ok=true, minWireVersion=0, maxWireVersion=27, maxDocumentSize=16777216, logicalSessionTimeoutMinutes=30, roundTripTimeNanos=84225200, minRoundTripTimeNanos=0}
2026-03-28T14:13:05.746-07:00  INFO 22036 --- [transactionorderservice] [restartedMain] o.s.b.a.e.web.EndpointLinksResolver      : Exposing 15 endpoints beneath base path '/actuator'
2026-03-28T14:13:06.017-07:00  INFO 22036 --- [transactionorderservice] [restartedMain] o.s.boot.tomcat.TomcatWebServer          : Tomcat started on port 8080 (http) with context path '/'
2026-03-28T14:13:06.082-07:00  INFO 22036 --- [transactionorderservice] [restartedMain] c.t.t.TransactionorderserviceApplication : Started TransactionorderserviceApplication in 18.264 seconds (process running for 20.596)
2026-03-28T14:13:06.257-07:00  INFO 22036 --- [transactionorderservice] [http-nio-8080-exec-1] o.a.c.c.C.[Tomcat].[localhost].[/]       : Initializing Spring DispatcherServlet 'dispatcherServlet'
2026-03-28T14:13:06.257-07:00  INFO 22036 --- [transactionorderservice] [http-nio-8080-exec-1] o.s.web.servlet.DispatcherServlet        : Initializing Servlet 'dispatcherServlet'
2026-03-28T14:13:06.263-07:00  INFO 22036 --- [transactionorderservice] [http-nio-8080-exec-1] o.s.web.servlet.DispatcherServlet        : Completed initialization in 6 ms
2026-03-28T14:13:06.396-07:00  WARN 22036 --- [transactionorderservice] [restartedMain] o.s.core.events.SpringDocAppInitializer  : SpringDoc /v3/api-docs endpoint is enabled by default. To disable it in production, set the property 'springdoc.api-docs.enabled=false'
2026-03-28T14:13:06.397-07:00  WARN 22036 --- [transactionorderservice] [restartedMain] o.s.core.events.SpringDocAppInitializer  : SpringDoc /swagger-ui.html endpoint is enabled by default. To disable it in production, set the property 'springdoc.swagger-ui.enabled=false'
2026-03-28T14:13:08.201-07:00  INFO 22036 --- [transactionorderservice] [http-nio-8080-exec-4] o.springdoc.api.AbstractOpenApiResource  : Init duration for springdoc-openapi is: 789 ms
2026-03-28T14:13:15.191-07:00  INFO 22036 --- [transactionorderservice] [http-nio-8080-exec-5] c.t.t.controller.ZelleTokenController    : Inside the ZelleTokenController.getAllTokens
2026-03-28T14:13:15.192-07:00  INFO 22036 --- [transactionorderservice] [http-nio-8080-exec-5] c.t.t.service.ZelleTokenServiceImpl      : Inside ZelleTokenServiceImpl.findAll
2026-03-28T14:13:15.990-07:00  INFO 22036 --- [transactionorderservice] [http-nio-8080-exec-5] c.t.t.controller.ZelleTokenController    : Count of tokens 2
2026-03-28T14:13:47.240-07:00  INFO 22036 --- [transactionorderservice] [http-nio-8080-exec-6] c.t.t.controller.ZelleTokenController    : Updating token details for ID: 69c7f21f3a83b8a401664ed4
2026-03-28T14:13:47.241-07:00  INFO 22036 --- [transactionorderservice] [http-nio-8080-exec-6] c.t.t.service.ZelleTokenServiceImpl      : Updating token details for ID: 69c7f21f3a83b8a401664ed4
2026-03-28T14:13:55.243-07:00  INFO 22036 --- [transactionorderservice] [http-nio-8080-exec-7] c.t.t.controller.ZelleTokenController    : Inside the ZelleTokenController.getAllTokens
2026-03-28T14:13:55.245-07:00  INFO 22036 --- [transactionorderservice] [http-nio-8080-exec-7] c.t.t.service.ZelleTokenServiceImpl      : Inside ZelleTokenServiceImpl.findAll
2026-03-28T14:13:55.266-07:00  INFO 22036 --- [transactionorderservice] [http-nio-8080-exec-7] c.t.t.controller.ZelleTokenController    : Count of tokens 2
2026-03-28T14:33:56.673-07:00  INFO 22036 --- [transactionorderservice] [SpringApplicationShutdownHook] o.s.boot.tomcat.GracefulShutdown         : Commencing graceful shutdown. Waiting for active requests to complete
2026-03-28T14:33:56.684-07:00  INFO 22036 --- [transactionorderservice] [tomcat-shutdown] o.s.boot.tomcat.GracefulShutdown         : Graceful shutdown complete
